2023-07-05T12:37:31.004Z - log: [Package] menu@1.0.0 enable
2023-07-05T12:37:31.006Z - log: [Package] profile@1.0.0 enable
2023-07-05T12:37:31.014Z - log: [Package] project@1.0.2 enable
2023-07-05T12:37:31.018Z - log: [Package] messages@1.0.0 enable
2023-07-05T12:37:31.021Z - log: [Package] program@1.0.0 enable
2023-07-05T12:37:31.026Z - log: [Package] tester@1.0.0 enable
2023-07-05T12:37:31.030Z - log: [Package] preferences@1.0.0 enable
2023-07-05T12:37:34.299Z - log: Load engine in /Applications/CocosCreator/Creator/3.6.3/CocosCreator.app/Contents/Resources/resources/3d/engine
2023-07-05T12:37:34.857Z - log: Register native engine in /Applications/CocosCreator/Creator/3.6.3/CocosCreator.app/Contents/Resources/resources/3d/engine/native
2023-07-05T12:37:34.860Z - log: [Package] engine@1.0.7 enable
2023-07-05T12:37:35.780Z - log: [Package] programming@1.0.0 enable
2023-07-05T12:37:35.857Z - warn: 
2023-07-05T12:37:35.884Z - warn: 
2023-07-05T12:37:36.065Z - log: [Package] device@1.0.1 enable
2023-07-05T12:37:36.097Z - log: [Package] ui-kit@1.0.1 enable
2023-07-05T12:37:36.126Z - log: [Package] engine-extends@1.0.0 enable
2023-07-05T12:37:36.191Z - log: [Package] asset-db@1.0.0 enable
2023-07-05T12:37:36.192Z - warn: 
2023-07-05T12:37:36.239Z - log: [Package] scene@1.0.0 enable
2023-07-05T12:37:36.432Z - log: [Package] server@1.0.0 enable
2023-07-05T12:37:36.458Z - log: [Package] utils@1.0.0 enable
2023-07-05T12:37:44.177Z - warn: 
2023-07-05T12:37:44.178Z - warn: 
2023-07-05T12:37:44.178Z - warn: 
2023-07-05T12:37:44.200Z - warn: 
2023-07-05T12:37:44.200Z - warn: 
2023-07-05T12:37:44.200Z - warn: 
2023-07-05T12:37:44.292Z - warn: 
2023-07-05T12:37:44.292Z - warn: 
2023-07-05T12:37:44.292Z - warn: 
2023-07-05T12:37:45.712Z - warn: 
2023-07-05T12:37:45.769Z - log: [Package] preview@1.0.1 enable
2023-07-05T12:37:45.817Z - log: [Package] animator@1.0.0 enable
2023-07-05T12:37:45.873Z - log: pluginManager init: 0.145ms
2023-07-05T12:37:46.759Z - log: [Package] builder@1.3.3 enable
2023-07-05T12:37:46.804Z - log: [Package] shortcuts@1.0.1 enable
2023-07-05T12:37:46.843Z - log: [Package] animation-graph@1.0.0 enable
2023-07-05T12:37:46.883Z - log: [Package] about@1.0.0 enable
2023-07-05T12:37:46.927Z - log: [Package] assets@1.0.0 enable
2023-07-05T12:37:46.967Z - log: [Package] console@1.0.0 enable
2023-07-05T12:37:47.178Z - log: [Package] extension@3.0.16 enable
2023-07-05T12:37:47.224Z - log: [Package] hierarchy@1.0.0 enable
2023-07-05T12:37:47.274Z - log: [Package] inspector@1.0.0 enable
2023-07-05T12:37:47.322Z - log: [Package] lightmap@1.0.4 enable
2023-07-05T12:37:47.788Z - log: [Package] localization-editor@1.0.0 enable
2023-07-05T12:37:47.798Z - log: [Build-plugin] register pkg localization-editor: 6.475ms
2023-07-05T12:37:47.845Z - log: [Package] node-library@1.0.1 enable
2023-07-05T12:37:47.888Z - log: [Package] package-asset@1.0.0 enable
2023-07-05T12:37:47.917Z - log: [Package] process@1.0.0 enable
2023-07-05T12:37:47.960Z - log: [Package] reference-image@1.0.0 enable
2023-07-05T12:37:48.022Z - log: [Package] alipay-mini-game@1.0.1 enable
2023-07-05T12:37:48.023Z - log: [Build-plugin] register pkg alipay-mini-game: 1.414ms
2023-07-05T12:37:48.046Z - log: [Package] android@1.0.1 enable
2023-07-05T12:37:48.052Z - log: [Build-plugin] register pkg android: 5.758ms
2023-07-05T12:37:48.112Z - log: [Package] baidu-mini-game@1.0.1 enable
2023-07-05T12:37:48.116Z - log: [Build-plugin] register pkg baidu-mini-game: 3.812ms
2023-07-05T12:37:48.160Z - log: [Package] bytedance-mini-game@1.0.2 enable
2023-07-05T12:37:48.163Z - log: [Build-plugin] register pkg bytedance-mini-game: 2.476ms
2023-07-05T12:37:48.196Z - log: [Package] certificate@1.0.0 enable
2023-07-05T12:37:48.224Z - log: [Package] channel-upload-tools@1.0.0 enable
2023-07-05T12:37:48.247Z - log: [Package] cocos-play@1.0.1 enable
2023-07-05T12:37:48.252Z - log: [Build-plugin] register pkg cocos-play: 4.483ms
2023-07-05T12:37:48.278Z - log: [Package] huawei-agc@1.0.0 enable
2023-07-05T12:37:48.282Z - log: [Build-plugin] register pkg huawei-agc: 3.525ms
2023-07-05T12:37:48.311Z - log: [Package] huawei-quick-game@1.0.1 enable
2023-07-05T12:37:48.316Z - log: [Build-plugin] register pkg huawei-quick-game: 4.323ms
2023-07-05T12:37:51.382Z - log: [Package] ios@1.0.0 enable
2023-07-05T12:37:51.387Z - log: [Build-plugin] register pkg ios: 3.85ms
2023-07-05T12:37:51.409Z - log: [Package] linux@1.0.0 enable
2023-07-05T12:37:51.410Z - log: [Build-plugin] register pkg linux: 1.067ms
2023-07-05T12:37:51.435Z - log: [Package] mac@1.0.0 enable
2023-07-05T12:37:51.440Z - log: [Build-plugin] register pkg mac: 4.279ms
2023-07-05T12:37:51.543Z - log: [Package] native@1.0.2 enable
2023-07-05T12:37:51.552Z - log: [Build-plugin] register pkg native: 8.185ms
2023-07-05T12:37:51.571Z - log: [Package] ohos@1.0.0 enable
2023-07-05T12:37:51.575Z - log: [Build-plugin] register pkg ohos: 3.407ms
2023-07-05T12:37:51.602Z - log: [Package] open-harmonyos@1.0.0 enable
2023-07-05T12:37:51.605Z - log: [Build-plugin] register pkg open-harmonyos: 1.432ms
2023-07-05T12:37:51.629Z - log: [Package] oppo-mini-game@1.0.1 enable
2023-07-05T12:37:51.633Z - log: [Build-plugin] register pkg oppo-mini-game: 4.277ms
2023-07-05T12:37:51.655Z - log: [Package] runtime-dev-tools@1.0.0 enable
2023-07-05T12:37:51.692Z - log: [Package] taobao-creative-app@1.0.0 enable
2023-07-05T12:37:51.696Z - log: [Build-plugin] register pkg taobao-creative-app: 3.621ms
2023-07-05T12:37:51.720Z - log: [Package] vivo-mini-game@1.0.1 enable
2023-07-05T12:37:51.724Z - log: [Build-plugin] register pkg vivo-mini-game: 4.044ms
2023-07-05T12:37:51.770Z - log: [Package] web-desktop@1.0.1 enable
2023-07-05T12:37:51.774Z - log: [Build-plugin] register pkg web-desktop: 3.439ms
2023-07-05T12:37:51.818Z - log: [Package] web-mobile@1.0.1 enable
2023-07-05T12:37:51.822Z - log: [Build-plugin] register pkg web-mobile: 3.56ms
2023-07-05T12:37:51.860Z - log: [Package] wechatgame@1.0.2 enable
2023-07-05T12:37:51.864Z - log: [Build-plugin] register pkg wechatgame: 3.754ms
2023-07-05T12:37:51.896Z - log: [Package] windows@1.0.1 enable
2023-07-05T12:37:51.899Z - log: [Build-plugin] register pkg windows: 2.982ms
2023-07-05T12:37:51.931Z - log: [Package] xiaomi-quick-game@1.0.1 enable
2023-07-05T12:37:51.935Z - log: [Build-plugin] register pkg xiaomi-quick-game: 3.868ms
2023-07-05T12:37:52.198Z - log: [Package] cocos-service@3.0.5 enable
2023-07-05T12:37:52.202Z - log: [Build-plugin] register pkg cocos-service: 2.467ms
2023-07-05T12:37:52.239Z - log: [Package] importer@1.1.0 enable
2023-07-05T12:37:52.539Z - log: [Im-plugin] Check im-plugin version.
2023-07-05T12:37:52.544Z - log: [Package] im-plugin@3.0.9 enable
2023-07-05T12:37:53.044Z - log: [Package] oops-plugin-excel-to-json@1.0.0 enable
2023-07-05T12:37:53.082Z - log: [Package] oops-framework@1.0.0 enable
2023-07-05T12:37:53.108Z - log: [Package] oops-plugin-hot-update@1.0.0 enable
2023-07-05T12:37:53.115Z - log: [Build-plugin] register pkg oops-plugin-hot-update: 7.13ms
2023-07-05T12:37:53.789Z - log: [Im-plugin] No online info of im-plugin.
2023-07-05T12:38:00.030Z - warn: 
2023-07-05T12:38:00.030Z - warn: 
2023-07-05T12:38:00.031Z - warn: 
2023-07-05T12:38:01.350Z - log: [Scene] Please specifiy a default value for "cc.EditorExtendable.__editorExtras__" property at its declaration:

 
// Before:
@property(...)
myProp;
// After:
@property(...)
myProp = 0;
2023-07-05T12:38:01.380Z - log: [Scene] Please specifiy a default value for "CCPropertyOverrideInfo.value" property at its declaration:

 
// Before:
@property(...)
myProp;
// After:
@property(...)
myProp = 0;
2023-07-05T12:38:01.381Z - log: [Scene] Please specifiy a default value for "cc.PrefabInfo.asset" property at its declaration:

 
// Before:
@property(...)
myProp;
// After:
@property(...)
myProp = 0;
2023-07-05T12:38:01.381Z - log: [Scene] Please specifiy a default value for "cc.PrefabInfo.nestedPrefabInstanceRoots" property at its declaration:

 
// Before:
@property(...)
myProp;
// After:
@property(...)
myProp = 0;
2023-07-05T12:38:01.385Z - log: [Scene] The 'default' attribute of 'ColorDesc.beginAccesses' must be an array
2023-07-05T12:38:01.385Z - log: [Scene] The 'default' attribute of 'ColorDesc.endAccesses' must be an array
2023-07-05T12:38:01.403Z - log: [Scene] Please specifiy a default value for "cc.animation.TrackBinding.proxy" property at its declaration:

 
// Before:
@property(...)
myProp;
// After:
@property(...)
myProp = 0;
2023-07-05T12:38:01.403Z - log: [Scene] Please specifiy a default value for "cc.animation.Channel._curve" property at its declaration:

 
// Before:
@property(...)
myProp;
// After:
@property(...)
myProp = 0;
2023-07-05T12:38:01.403Z - log: [Scene] Please specifiy a default value for "cc.animation.SingleChannelTrack._channel" property at its declaration:

 
// Before:
@property(...)
myProp;
// After:
@property(...)
myProp = 0;
2023-07-05T12:38:01.404Z - log: [Scene] Please specifiy a default value for "cc.animation.VectorTrack._channels" property at its declaration:

 
// Before:
@property(...)
myProp;
// After:
@property(...)
myProp = 0;
2023-07-05T12:38:01.404Z - log: [Scene] Please specifiy a default value for "cc.animation.ColorTrack._channels" property at its declaration:

 
// Before:
@property(...)
myProp;
// After:
@property(...)
myProp = 0;
2023-07-05T12:38:01.404Z - log: [Scene] Please specifiy a default value for "cc.animation.SizeTrack._channels" property at its declaration:

 
// Before:
@property(...)
myProp;
// After:
@property(...)
myProp = 0;
2023-07-05T12:38:01.405Z - log: [Scene] Please specifiy a default value for "cc.animation.Transition.from" property at its declaration:

 
// Before:
@property(...)
myProp;
// After:
@property(...)
myProp = 0;
2023-07-05T12:38:01.405Z - log: [Scene] Please specifiy a default value for "cc.animation.Transition.to" property at its declaration:

 
// Before:
@property(...)
myProp;
// After:
@property(...)
myProp = 0;
2023-07-05T12:38:01.406Z - log: [Scene] Please specifiy a default value for "cc.animation.StateMachine._entryState" property at its declaration:

 
// Before:
@property(...)
myProp;
// After:
@property(...)
myProp = 0;
2023-07-05T12:38:01.406Z - log: [Scene] Please specifiy a default value for "cc.animation.StateMachine._exitState" property at its declaration:

 
// Before:
@property(...)
myProp;
// After:
@property(...)
myProp = 0;
2023-07-05T12:38:01.406Z - log: [Scene] Please specifiy a default value for "cc.animation.StateMachine._anyState" property at its declaration:

 
// Before:
@property(...)
myProp;
// After:
@property(...)
myProp = 0;
2023-07-05T12:38:01.406Z - log: [Scene] Please specifiy a default value for "cc.animation.Layer._stateMachine" property at its declaration:

 
// Before:
@property(...)
myProp;
// After:
@property(...)
myProp = 0;
2023-07-05T12:38:01.407Z - log: [Scene] Please specifiy a default value for "cc.animation.ExoticVectorLikeTrackValues._values" property at its declaration:

 
// Before:
@property(...)
myProp;
// After:
@property(...)
myProp = 0;
2023-07-05T12:38:01.407Z - log: [Scene] Please specifiy a default value for "cc.animation.ExoticVectorLikeTrackValues._isQuantized" property at its declaration:

 
// Before:
@property(...)
myProp;
// After:
@property(...)
myProp = 0;
2023-07-05T12:38:01.407Z - log: [Scene] Please specifiy a default value for "cc.animation.ExoticTrack.times" property at its declaration:

 
// Before:
@property(...)
myProp;
// After:
@property(...)
myProp = 0;
2023-07-05T12:38:01.407Z - log: [Scene] Please specifiy a default value for "cc.animation.ExoticTrack.values" property at its declaration:

 
// Before:
@property(...)
myProp;
// After:
@property(...)
myProp = 0;
2023-07-05T12:38:01.407Z - log: [Scene] Please specifiy a default value for "cc.animation.QuantizedFloatArray.originalPrecision" property at its declaration:

 
// Before:
@property(...)
myProp;
// After:
@property(...)
myProp = 0;
2023-07-05T12:38:01.407Z - log: [Scene] Please specifiy a default value for "cc.animation.QuantizedFloatArray.min" property at its declaration:

 
// Before:
@property(...)
myProp;
// After:
@property(...)
myProp = 0;
2023-07-05T12:38:01.407Z - log: [Scene] Please specifiy a default value for "cc.animation.QuantizedFloatArray.extent" property at its declaration:

 
// Before:
@property(...)
myProp;
// After:
@property(...)
myProp = 0;
2023-07-05T12:38:01.407Z - log: [Scene] Please specifiy a default value for "cc.animation.QuantizedFloatArray.values" property at its declaration:

 
// Before:
@property(...)
myProp;
// After:
@property(...)
myProp = 0;
2023-07-05T12:38:01.448Z - log: [Scene] 'cc.ParticleSystem2D.color' hides inherited property 'cc.UIRenderer.color'. To make the current property override that implementation, add the `override: true` attribute please.
2023-07-05T12:38:01.495Z - log: [Scene] No needs to indicate the 'cc.Boolean' attribute for "cc.Terrain._receiveShadow", which its default value is type of Boolean.
2023-07-05T12:38:01.495Z - log: [Scene] No needs to indicate the 'cc.Boolean' attribute for "cc.Terrain._useNormalmap", which its default value is type of Boolean.
2023-07-05T12:38:01.495Z - log: [Scene] No needs to indicate the 'cc.Boolean' attribute for "cc.Terrain._usePBR", which its default value is type of Boolean.
2023-07-05T12:38:01.495Z - log: [Scene] No needs to indicate the 'cc.Boolean' attribute for "cc.Terrain._lodEnable", which its default value is type of Boolean.
2023-07-05T12:38:01.500Z - log: [Scene] Can not declare sp.Skeleton._updateBuiltinMaterial, it is already defined in the prototype of sp.Skeleton
2023-07-05T12:38:01.500Z - log: [Scene] Can not declare sp.Skeleton.updateMaterial, it is already defined in the prototype of sp.Skeleton
2023-07-05T12:38:01.506Z - log: [Scene] Can not declare dragonBones.ArmatureDisplay._updateBuiltinMaterial, it is already defined in the prototype of dragonBones.ArmatureDisplay
2023-07-05T12:38:01.506Z - log: [Scene] Can not declare dragonBones.ArmatureDisplay.updateMaterial, it is already defined in the prototype of dragonBones.ArmatureDisplay
2023-07-05T12:38:01.603Z - info: [Scene] [Physics][Bullet]: Using asmjs Bullet libs.
2023-07-05T12:38:01.617Z - info: [Scene] [PHYSICS]: using builtin.
2023-07-05T12:38:01.777Z - log: [Scene] Cocos Creator v3.6.3
2023-07-05T12:38:01.778Z - info: [Scene] Forward render pipeline initialized.
2023-07-05T12:38:02.123Z - info: [Scene] [PHYSICS]: switch from builtin to bullet.
2023-07-05T12:40:40.190Z - info: [Preview] 预览环境初始化完毕
2023-07-05T12:54:16.879Z - warn: Metrics: no valid info
